<?xml version="1.0" encoding="UTF-8"?>
<coverage generated="1707390420178" clover="3.2.0">
  <project timestamp="1707390420178" name="All files">
    <metrics statements="8" coveredstatements="3" conditionals="4" coveredconditionals="1" methods="1" coveredmethods="1" elements="13" coveredelements="5" complexity="0" loc="8" ncloc="8" packages="1" files="1" classes="1"/>
    <file name="Validator.js" path="C:\mycode\Netology\сайты\--Nicknames\src\js\Validator.js">
      <metrics statements="8" coveredstatements="3" conditionals="4" coveredconditionals="1" methods="1" coveredmethods="1"/>
      <line num="3" count="1" type="stmt"/>
      <line num="4" count="1" type="cond" truecount="1" falsecount="1"/>
      <line num="5" count="0" type="cond" truecount="0" falsecount="2"/>
      <line num="6" count="0" type="stmt"/>
      <line num="8" count="0" type="stmt"/>
      <line num="9" count="0" type="stmt"/>
      <line num="12" count="1" type="stmt"/>
      <line num="15" count="0" type="stmt"/>
    </file>
  </project>
</coverage>
